{"total": {"lines":{"total":79,"covered":59,"skipped":0,"pct":74.68},"statements":{"total":83,"covered":62,"skipped":0,"pct":74.69},"functions":{"total":11,"covered":8,"skipped":0,"pct":72.72},"branches":{"total":72,"covered":56,"skipped":0,"pct":77.77},"branchesTrue":{"total":0,"covered":0,"skipped":0,"pct":100}}
,"C:\\Users\\aship\\Desktop\\Project-Kelmah\\kelmah-backend\\services\\job-service\\middlewares\\auth.js": {"lines":{"total":19,"covered":19,"skipped":0,"pct":100},"functions":{"total":3,"covered":3,"skipped":0,"pct":100},"statements":{"total":20,"covered":20,"skipped":0,"pct":100},"branches":{"total":10,"covered":10,"skipped":0,"pct":100}}
,"C:\\Users\\aship\\Desktop\\Project-Kelmah\\kelmah-backend\\services\\job-service\\middlewares\\validator.js": {"lines":{"total":7,"covered":7,"skipped":0,"pct":100},"functions":{"total":3,"covered":3,"skipped":0,"pct":100},"statements":{"total":8,"covered":8,"skipped":0,"pct":100},"branches":{"total":2,"covered":2,"skipped":0,"pct":100}}
,"C:\\Users\\aship\\Desktop\\Project-Kelmah\\kelmah-backend\\src\\config\\auth.js": {"lines":{"total":1,"covered":1,"skipped":0,"pct":100},"functions":{"total":0,"covered":0,"skipped":0,"pct":100},"statements":{"total":1,"covered":1,"skipped":0,"pct":100},"branches":{"total":14,"covered":12,"skipped":0,"pct":85.71}}
,"C:\\Users\\aship\\Desktop\\Project-Kelmah\\kelmah-backend\\src\\config\\db.js": {"lines":{"total":34,"covered":18,"skipped":0,"pct":52.94},"functions":{"total":3,"covered":1,"skipped":0,"pct":33.33},"statements":{"total":34,"covered":18,"skipped":0,"pct":52.94},"branches":{"total":26,"covered":14,"skipped":0,"pct":53.84}}
,"C:\\Users\\aship\\Desktop\\Project-Kelmah\\kelmah-backend\\src\\config\\env.js": {"lines":{"total":11,"covered":8,"skipped":0,"pct":72.72},"functions":{"total":2,"covered":1,"skipped":0,"pct":50},"statements":{"total":13,"covered":9,"skipped":0,"pct":69.23},"branches":{"total":20,"covered":18,"skipped":0,"pct":90}}
,"C:\\Users\\aship\\Desktop\\Project-Kelmah\\kelmah-backend\\src\\config\\index.js": {"lines":{"total":7,"covered":6,"skipped":0,"pct":85.71},"functions":{"total":0,"covered":0,"skipped":0,"pct":100},"statements":{"total":7,"covered":6,"skipped":0,"pct":85.71},"branches":{"total":0,"covered":0,"skipped":0,"pct":100}}
}
